<?xml version="1.0" encoding="UTF-8"?>
<testng-results ignored="0" total="1" passed="1" failed="0" skipped="0">
  <reporter-output>
  </reporter-output>
  <suite started-at="2024-08-15T15:09:27 IST" name="Default suite" finished-at="2024-08-15T15:09:27 IST" duration-ms="41">
    <groups>
    </groups>
    <test started-at="2024-08-15T15:09:27 IST" name="Default test" finished-at="2024-08-15T15:09:27 IST" duration-ms="41">
      <class name="git1demo1.data">
        <test-method signature="class2()[pri:0, instance:git1demo1.data@4944252c]" started-at="2024-08-15T15:09:27 IST" name="class2" finished-at="2024-08-15T15:09:27 IST" duration-ms="5" status="PASS">
          <reporter-output>
          </reporter-output>
        </test-method> <!-- class2 -->
      </class> <!-- git1demo1.data -->
    </test> <!-- Default test -->
  </suite> <!-- Default suite -->
</testng-results>
